2020-05-17 17:29:01.378 [main] INFO  org.quartz.impl.StdSchedulerFactory
                -Using default implementation for ThreadExecutor
2020-05-17 17:29:01.390 [main] INFO  org.quartz.simpl.SimpleThreadPool
                -Job execution threads will use class loader of thread: main
2020-05-17 17:29:01.411 [main] INFO  o.quartz.core.SchedulerSignalerImpl
                -Initialized Scheduler Signaller of type: class org.quartz.core.SchedulerSignalerImpl
2020-05-17 17:29:01.411 [main] INFO  org.quartz.core.QuartzScheduler
                -Quartz Scheduler v.2.3.2 created.
2020-05-17 17:29:01.413 [main] INFO  org.quartz.simpl.RAMJobStore
                -RAMJobStore initialized.
2020-05-17 17:29:01.417 [main] INFO  org.quartz.core.QuartzScheduler
                -Scheduler meta-data: Quartz Scheduler (v2.3.2) 'DefaultQuartzScheduler' with instanceId 'NON_CLUSTERED'
  Scheduler class: 'org.quartz.core.QuartzScheduler' - running locally.
  NOT STARTED.
  Currently in standby mode.
  Number of jobs executed: 0
  Using thread pool 'org.quartz.simpl.SimpleThreadPool' - with 10 threads.
  Using job-store 'org.quartz.simpl.RAMJobStore' - which does not support persistence. and is not clustered.

2020-05-17 17:29:01.418 [main] INFO  org.quartz.impl.StdSchedulerFactory
                -Quartz scheduler 'DefaultQuartzScheduler' initialized from default resource file in Quartz package: 'quartz.properties'
2020-05-17 17:29:01.418 [main] INFO  org.quartz.impl.StdSchedulerFactory
                -Quartz scheduler version: 2.3.2
2020-05-17 17:31:39.969 [main] INFO  org.quartz.impl.StdSchedulerFactory
                -Using default implementation for ThreadExecutor
2020-05-17 17:31:39.982 [main] INFO  org.quartz.simpl.SimpleThreadPool
                -Job execution threads will use class loader of thread: main
2020-05-17 17:31:40.002 [main] INFO  o.quartz.core.SchedulerSignalerImpl
                -Initialized Scheduler Signaller of type: class org.quartz.core.SchedulerSignalerImpl
2020-05-17 17:31:40.003 [main] INFO  org.quartz.core.QuartzScheduler
                -Quartz Scheduler v.2.3.2 created.
2020-05-17 17:31:40.005 [main] INFO  org.quartz.simpl.RAMJobStore
                -RAMJobStore initialized.
2020-05-17 17:31:40.011 [main] INFO  org.quartz.core.QuartzScheduler
                -Scheduler meta-data: Quartz Scheduler (v2.3.2) 'DefaultQuartzScheduler' with instanceId 'NON_CLUSTERED'
  Scheduler class: 'org.quartz.core.QuartzScheduler' - running locally.
  NOT STARTED.
  Currently in standby mode.
  Number of jobs executed: 0
  Using thread pool 'org.quartz.simpl.SimpleThreadPool' - with 10 threads.
  Using job-store 'org.quartz.simpl.RAMJobStore' - which does not support persistence. and is not clustered.

2020-05-17 17:31:40.015 [main] INFO  org.quartz.impl.StdSchedulerFactory
                -Quartz scheduler 'DefaultQuartzScheduler' initialized from default resource file in Quartz package: 'quartz.properties'
2020-05-17 17:31:40.015 [main] INFO  org.quartz.impl.StdSchedulerFactory
                -Quartz scheduler version: 2.3.2
2020-05-17 17:31:40.029 [Thread-0] INFO  org.quartz.core.QuartzScheduler
                -Scheduler DefaultQuartzScheduler_$_NON_CLUSTERED started.
2020-05-17 17:31:40.030 [DefaultQuartzScheduler_QuartzSchedulerThread] DEBUG o.quartz.core.QuartzSchedulerThread
                -batch acquisition of 1 triggers
2020-05-17 17:31:50.035 [DefaultQuartzScheduler_QuartzSchedulerThread] DEBUG o.q.simpl.PropertySettingJobFactory
                -Producing instance of Job 'group1.resource', class=com.shang.scheduler.taskmanager.ReschedulerJob
2020-05-17 17:31:50.045 [DefaultQuartzScheduler_QuartzSchedulerThread] DEBUG o.quartz.core.QuartzSchedulerThread
                -batch acquisition of 1 triggers
2020-05-17 17:31:50.046 [DefaultQuartzScheduler_Worker-1] DEBUG org.quartz.core.JobRunShell
                -Calling execute on job group1.resource
2020-05-17 17:31:50.047 [DefaultQuartzScheduler_Worker-1] DEBUG c.s.s.taskmanager.ReschedulerJob
                -******进入动态刷新任务******
2020-05-17 17:31:50.050 [DefaultQuartzScheduler_Worker-1] DEBUG c.s.s.taskmanager.ReschedulerJob
                -加载任务数量: 3
2020-05-17 17:31:50.139 [DefaultQuartzScheduler_Worker-1] DEBUG c.s.s.taskmanager.ReschedulerJob
                -/*****退出动态刷新任务*****/
2020-05-17 17:31:50.139 [DefaultQuartzScheduler_QuartzSchedulerThread] DEBUG o.quartz.core.QuartzSchedulerThread
                -batch acquisition of 1 triggers
2020-05-17 17:31:54.143 [DefaultQuartzScheduler_QuartzSchedulerThread] DEBUG o.q.simpl.PropertySettingJobFactory
                -Producing instance of Job 'group2.job1', class=com.shang.scheduler.job.Job1
2020-05-17 17:31:54.148 [DefaultQuartzScheduler_QuartzSchedulerThread] DEBUG o.quartz.core.QuartzSchedulerThread
                -batch acquisition of 1 triggers
2020-05-17 17:31:54.148 [DefaultQuartzScheduler_Worker-2] DEBUG org.quartz.core.JobRunShell
                -Calling execute on job group2.job1
2020-05-17 17:31:54.149 [DefaultQuartzScheduler_Worker-2] DEBUG com.shang.scheduler.job.Job1
                --------------->Job1 begin<---------- 
2020-05-17 17:31:54.150 [DefaultQuartzScheduler_Worker-2] INFO  com.shang.scheduler.job.Job1
                -当前的业务时间是:2020-05-17 17:31:54
2020-05-17 17:31:54.150 [DefaultQuartzScheduler_Worker-2] DEBUG com.shang.scheduler.job.Job1
                --------------->Job1 end<-----------
2020-05-17 17:31:56.141 [DefaultQuartzScheduler_QuartzSchedulerThread] DEBUG o.q.simpl.PropertySettingJobFactory
                -Producing instance of Job 'group2.job2', class=com.shang.scheduler.job.Job1
2020-05-17 17:31:56.143 [DefaultQuartzScheduler_QuartzSchedulerThread] DEBUG o.quartz.core.QuartzSchedulerThread
                -batch acquisition of 1 triggers
2020-05-17 17:31:56.153 [DefaultQuartzScheduler_Worker-3] DEBUG org.quartz.core.JobRunShell
                -Calling execute on job group2.job2
2020-05-17 17:31:56.153 [DefaultQuartzScheduler_Worker-3] DEBUG com.shang.scheduler.job.Job1
                --------------->Job1 begin<---------- 
2020-05-17 17:31:56.154 [DefaultQuartzScheduler_Worker-3] INFO  com.shang.scheduler.job.Job1
                -当前的业务时间是:2020-05-17 17:31:56
2020-05-17 17:31:56.154 [DefaultQuartzScheduler_Worker-3] DEBUG com.shang.scheduler.job.Job1
                --------------->Job1 end<-----------
2020-05-17 17:32:10.025 [DefaultQuartzScheduler_QuartzSchedulerThread] DEBUG o.q.simpl.PropertySettingJobFactory
                -Producing instance of Job 'group1.resource', class=com.shang.scheduler.taskmanager.ReschedulerJob
2020-05-17 17:32:10.027 [DefaultQuartzScheduler_QuartzSchedulerThread] DEBUG o.quartz.core.QuartzSchedulerThread
                -batch acquisition of 1 triggers
2020-05-17 17:32:10.027 [DefaultQuartzScheduler_Worker-4] DEBUG org.quartz.core.JobRunShell
                -Calling execute on job group1.resource
2020-05-17 17:32:10.029 [DefaultQuartzScheduler_Worker-4] DEBUG c.s.s.taskmanager.ReschedulerJob
                -******进入动态刷新任务******
2020-05-17 17:32:10.029 [DefaultQuartzScheduler_Worker-4] DEBUG c.s.s.taskmanager.ReschedulerJob
                -加载任务数量: 3
2020-05-17 17:32:10.030 [DefaultQuartzScheduler_Worker-4] DEBUG c.s.s.taskmanager.ReschedulerJob
                -/*****退出动态刷新任务*****/
2020-05-17 17:32:10.145 [DefaultQuartzScheduler_QuartzSchedulerThread] DEBUG o.q.simpl.PropertySettingJobFactory
                -Producing instance of Job 'group2.job3', class=com.shang.scheduler.job.Job1
2020-05-17 17:32:10.146 [DefaultQuartzScheduler_QuartzSchedulerThread] DEBUG o.quartz.core.QuartzSchedulerThread
                -batch acquisition of 1 triggers
2020-05-17 17:32:10.146 [DefaultQuartzScheduler_Worker-5] DEBUG org.quartz.core.JobRunShell
                -Calling execute on job group2.job3
2020-05-17 17:32:10.147 [DefaultQuartzScheduler_Worker-5] DEBUG com.shang.scheduler.job.Job1
                --------------->Job1 begin<---------- 
2020-05-17 17:32:10.148 [DefaultQuartzScheduler_Worker-5] INFO  com.shang.scheduler.job.Job1
                -当前的业务时间是:2020-05-17 17:32:10
2020-05-17 17:32:10.148 [DefaultQuartzScheduler_Worker-5] DEBUG com.shang.scheduler.job.Job1
                --------------->Job1 end<-----------
2020-05-17 17:32:14.031 [DefaultQuartzScheduler_QuartzSchedulerThread] DEBUG o.q.simpl.PropertySettingJobFactory
                -Producing instance of Job 'group2.job1', class=com.shang.scheduler.job.Job1
2020-05-17 17:32:14.031 [DefaultQuartzScheduler_QuartzSchedulerThread] DEBUG o.quartz.core.QuartzSchedulerThread
                -batch acquisition of 1 triggers
2020-05-17 17:32:14.032 [DefaultQuartzScheduler_Worker-6] DEBUG org.quartz.core.JobRunShell
                -Calling execute on job group2.job1
2020-05-17 17:32:14.032 [DefaultQuartzScheduler_Worker-6] DEBUG com.shang.scheduler.job.Job1
                --------------->Job1 begin<---------- 
2020-05-17 17:32:14.033 [DefaultQuartzScheduler_Worker-6] INFO  com.shang.scheduler.job.Job1
                -当前的业务时间是:2020-05-17 17:32:14
2020-05-17 17:32:14.033 [DefaultQuartzScheduler_Worker-6] DEBUG com.shang.scheduler.job.Job1
                --------------->Job1 end<-----------
2020-05-17 17:32:16.031 [DefaultQuartzScheduler_QuartzSchedulerThread] DEBUG o.q.simpl.PropertySettingJobFactory
                -Producing instance of Job 'group2.job2', class=com.shang.scheduler.job.Job1
2020-05-17 17:32:16.032 [DefaultQuartzScheduler_Worker-7] DEBUG org.quartz.core.JobRunShell
                -Calling execute on job group2.job2
2020-05-17 17:32:16.032 [DefaultQuartzScheduler_QuartzSchedulerThread] DEBUG o.quartz.core.QuartzSchedulerThread
                -batch acquisition of 1 triggers
2020-05-17 17:32:16.033 [DefaultQuartzScheduler_Worker-7] DEBUG com.shang.scheduler.job.Job1
                --------------->Job1 begin<---------- 
2020-05-17 17:32:16.034 [DefaultQuartzScheduler_Worker-7] INFO  com.shang.scheduler.job.Job1
                -当前的业务时间是:2020-05-17 17:32:16
2020-05-17 17:32:16.034 [DefaultQuartzScheduler_Worker-7] DEBUG com.shang.scheduler.job.Job1
                --------------->Job1 end<-----------
2020-05-17 17:32:30.026 [DefaultQuartzScheduler_QuartzSchedulerThread] DEBUG o.q.simpl.PropertySettingJobFactory
                -Producing instance of Job 'group1.resource', class=com.shang.scheduler.taskmanager.ReschedulerJob
2020-05-17 17:32:30.027 [DefaultQuartzScheduler_Worker-8] DEBUG org.quartz.core.JobRunShell
                -Calling execute on job group1.resource
2020-05-17 17:32:30.028 [DefaultQuartzScheduler_Worker-8] DEBUG c.s.s.taskmanager.ReschedulerJob
                -******进入动态刷新任务******
2020-05-17 17:32:30.028 [DefaultQuartzScheduler_Worker-8] DEBUG c.s.s.taskmanager.ReschedulerJob
                -加载任务数量: 3
2020-05-17 17:32:30.027 [DefaultQuartzScheduler_QuartzSchedulerThread] DEBUG o.quartz.core.QuartzSchedulerThread
                -batch acquisition of 1 triggers
2020-05-17 17:32:30.030 [DefaultQuartzScheduler_Worker-8] DEBUG c.s.s.taskmanager.ReschedulerJob
                -/*****退出动态刷新任务*****/
2020-05-17 17:32:50.026 [DefaultQuartzScheduler_QuartzSchedulerThread] DEBUG o.q.simpl.PropertySettingJobFactory
                -Producing instance of Job 'group1.resource', class=com.shang.scheduler.taskmanager.ReschedulerJob
2020-05-17 17:32:50.028 [DefaultQuartzScheduler_Worker-9] DEBUG org.quartz.core.JobRunShell
                -Calling execute on job group1.resource
2020-05-17 17:32:50.028 [DefaultQuartzScheduler_QuartzSchedulerThread] DEBUG o.quartz.core.QuartzSchedulerThread
                -batch acquisition of 1 triggers
2020-05-17 17:32:50.028 [DefaultQuartzScheduler_Worker-9] DEBUG c.s.s.taskmanager.ReschedulerJob
                -******进入动态刷新任务******
2020-05-17 17:32:50.029 [DefaultQuartzScheduler_QuartzSchedulerThread] DEBUG o.q.simpl.PropertySettingJobFactory
                -Producing instance of Job 'group2.job1', class=com.shang.scheduler.job.Job1
2020-05-17 17:32:50.029 [DefaultQuartzScheduler_Worker-9] DEBUG c.s.s.taskmanager.ReschedulerJob
                -加载任务数量: 3
2020-05-17 17:32:50.029 [DefaultQuartzScheduler_QuartzSchedulerThread] DEBUG o.quartz.core.QuartzSchedulerThread
                -batch acquisition of 1 triggers
2020-05-17 17:32:50.030 [DefaultQuartzScheduler_Worker-10] DEBUG org.quartz.core.JobRunShell
                -Calling execute on job group2.job1
2020-05-17 17:32:50.030 [DefaultQuartzScheduler_QuartzSchedulerThread] DEBUG o.q.simpl.PropertySettingJobFactory
                -Producing instance of Job 'group2.job2', class=com.shang.scheduler.job.Job1
2020-05-17 17:32:50.030 [DefaultQuartzScheduler_Worker-10] DEBUG com.shang.scheduler.job.Job1
                --------------->Job1 begin<---------- 
2020-05-17 17:32:50.030 [DefaultQuartzScheduler_Worker-9] DEBUG c.s.s.taskmanager.ReschedulerJob
                -/*****退出动态刷新任务*****/
2020-05-17 17:32:50.031 [DefaultQuartzScheduler_Worker-10] INFO  com.shang.scheduler.job.Job1
                -当前的业务时间是:2020-05-17 17:32:50
2020-05-17 17:32:50.031 [DefaultQuartzScheduler_Worker-10] DEBUG com.shang.scheduler.job.Job1
                --------------->Job1 end<-----------
2020-05-17 17:32:50.031 [DefaultQuartzScheduler_QuartzSchedulerThread] DEBUG o.quartz.core.QuartzSchedulerThread
                -batch acquisition of 1 triggers
2020-05-17 17:32:50.031 [DefaultQuartzScheduler_QuartzSchedulerThread] DEBUG o.q.simpl.PropertySettingJobFactory
                -Producing instance of Job 'group2.job3', class=com.shang.scheduler.job.Job1
2020-05-17 17:32:50.032 [DefaultQuartzScheduler_Worker-1] DEBUG org.quartz.core.JobRunShell
                -Calling execute on job group2.job2
2020-05-17 17:32:50.032 [DefaultQuartzScheduler_QuartzSchedulerThread] DEBUG o.quartz.core.QuartzSchedulerThread
                -batch acquisition of 1 triggers
2020-05-17 17:32:50.032 [DefaultQuartzScheduler_Worker-1] DEBUG com.shang.scheduler.job.Job1
                --------------->Job1 begin<---------- 
2020-05-17 17:32:50.032 [DefaultQuartzScheduler_Worker-2] DEBUG org.quartz.core.JobRunShell
                -Calling execute on job group2.job3
2020-05-17 17:32:50.032 [DefaultQuartzScheduler_Worker-2] DEBUG com.shang.scheduler.job.Job1
                --------------->Job1 begin<---------- 
2020-05-17 17:32:50.032 [DefaultQuartzScheduler_Worker-1] INFO  com.shang.scheduler.job.Job1
                -当前的业务时间是:2020-05-17 17:32:50
2020-05-17 17:32:50.033 [DefaultQuartzScheduler_Worker-1] DEBUG com.shang.scheduler.job.Job1
                --------------->Job1 end<-----------
2020-05-17 17:32:50.033 [DefaultQuartzScheduler_Worker-2] INFO  com.shang.scheduler.job.Job1
                -当前的业务时间是:2020-05-17 17:32:50
2020-05-17 17:32:50.033 [DefaultQuartzScheduler_Worker-2] DEBUG com.shang.scheduler.job.Job1
                --------------->Job1 end<-----------
2020-05-17 17:33:10.027 [DefaultQuartzScheduler_QuartzSchedulerThread] DEBUG o.q.simpl.PropertySettingJobFactory
                -Producing instance of Job 'group1.resource', class=com.shang.scheduler.taskmanager.ReschedulerJob
2020-05-17 17:33:10.029 [DefaultQuartzScheduler_Worker-3] DEBUG org.quartz.core.JobRunShell
                -Calling execute on job group1.resource
2020-05-17 17:33:10.030 [DefaultQuartzScheduler_Worker-3] DEBUG c.s.s.taskmanager.ReschedulerJob
                -******进入动态刷新任务******
2020-05-17 17:33:10.030 [DefaultQuartzScheduler_Worker-3] DEBUG c.s.s.taskmanager.ReschedulerJob
                -加载任务数量: 3
2020-05-17 17:33:10.032 [DefaultQuartzScheduler_Worker-3] DEBUG c.s.s.taskmanager.ReschedulerJob
                -/*****退出动态刷新任务*****/
2020-05-17 17:33:10.029 [DefaultQuartzScheduler_QuartzSchedulerThread] DEBUG o.quartz.core.QuartzSchedulerThread
                -batch acquisition of 1 triggers
2020-05-17 17:33:30.028 [DefaultQuartzScheduler_QuartzSchedulerThread] DEBUG o.q.simpl.PropertySettingJobFactory
                -Producing instance of Job 'group1.resource', class=com.shang.scheduler.taskmanager.ReschedulerJob
2020-05-17 17:33:30.029 [DefaultQuartzScheduler_Worker-4] DEBUG org.quartz.core.JobRunShell
                -Calling execute on job group1.resource
2020-05-17 17:33:30.029 [DefaultQuartzScheduler_QuartzSchedulerThread] DEBUG o.quartz.core.QuartzSchedulerThread
                -batch acquisition of 1 triggers
2020-05-17 17:33:30.030 [DefaultQuartzScheduler_Worker-4] DEBUG c.s.s.taskmanager.ReschedulerJob
                -******进入动态刷新任务******
2020-05-17 17:33:30.030 [DefaultQuartzScheduler_Worker-4] DEBUG c.s.s.taskmanager.ReschedulerJob
                -加载任务数量: 3
2020-05-17 17:33:30.031 [DefaultQuartzScheduler_Worker-4] DEBUG c.s.s.taskmanager.ReschedulerJob
                -/*****退出动态刷新任务*****/
2020-05-17 17:33:30.032 [DefaultQuartzScheduler_QuartzSchedulerThread] DEBUG o.q.simpl.PropertySettingJobFactory
                -Producing instance of Job 'group2.job1', class=com.shang.scheduler.job.Job1
2020-05-17 17:33:30.032 [DefaultQuartzScheduler_QuartzSchedulerThread] DEBUG o.quartz.core.QuartzSchedulerThread
                -batch acquisition of 1 triggers
2020-05-17 17:33:30.033 [DefaultQuartzScheduler_QuartzSchedulerThread] DEBUG o.q.simpl.PropertySettingJobFactory
                -Producing instance of Job 'group2.job2', class=com.shang.scheduler.job.Job1
2020-05-17 17:33:30.034 [DefaultQuartzScheduler_QuartzSchedulerThread] DEBUG o.quartz.core.QuartzSchedulerThread
                -batch acquisition of 1 triggers
2020-05-17 17:33:30.035 [DefaultQuartzScheduler_Worker-5] DEBUG org.quartz.core.JobRunShell
                -Calling execute on job group2.job1
2020-05-17 17:33:30.036 [DefaultQuartzScheduler_Worker-5] DEBUG com.shang.scheduler.job.Job1
                --------------->Job1 begin<---------- 
2020-05-17 17:33:30.037 [DefaultQuartzScheduler_Worker-5] INFO  com.shang.scheduler.job.Job1
                -当前的业务时间是:2020-05-17 17:33:30
2020-05-17 17:33:30.037 [DefaultQuartzScheduler_Worker-5] DEBUG com.shang.scheduler.job.Job1
                --------------->Job1 end<-----------
2020-05-17 17:33:30.035 [DefaultQuartzScheduler_QuartzSchedulerThread] DEBUG o.q.simpl.PropertySettingJobFactory
                -Producing instance of Job 'group2.job3', class=com.shang.scheduler.job.Job1
2020-05-17 17:33:30.037 [DefaultQuartzScheduler_Worker-6] DEBUG org.quartz.core.JobRunShell
                -Calling execute on job group2.job2
2020-05-17 17:33:30.038 [DefaultQuartzScheduler_Worker-6] DEBUG com.shang.scheduler.job.Job1
                --------------->Job1 begin<---------- 
2020-05-17 17:33:30.039 [DefaultQuartzScheduler_Worker-6] INFO  com.shang.scheduler.job.Job1
                -当前的业务时间是:2020-05-17 17:33:30
2020-05-17 17:33:30.039 [DefaultQuartzScheduler_Worker-6] DEBUG com.shang.scheduler.job.Job1
                --------------->Job1 end<-----------
2020-05-17 17:33:30.039 [DefaultQuartzScheduler_Worker-7] DEBUG org.quartz.core.JobRunShell
                -Calling execute on job group2.job3
2020-05-17 17:33:30.040 [DefaultQuartzScheduler_Worker-7] DEBUG com.shang.scheduler.job.Job1
                --------------->Job1 begin<---------- 
2020-05-17 17:33:30.040 [DefaultQuartzScheduler_Worker-7] INFO  com.shang.scheduler.job.Job1
                -当前的业务时间是:2020-05-17 17:33:30
2020-05-17 17:33:30.040 [DefaultQuartzScheduler_Worker-7] DEBUG com.shang.scheduler.job.Job1
                --------------->Job1 end<-----------
2020-05-17 17:33:30.039 [DefaultQuartzScheduler_QuartzSchedulerThread] DEBUG o.quartz.core.QuartzSchedulerThread
                -batch acquisition of 1 triggers
2020-05-17 17:33:50.028 [DefaultQuartzScheduler_QuartzSchedulerThread] DEBUG o.q.simpl.PropertySettingJobFactory
                -Producing instance of Job 'group1.resource', class=com.shang.scheduler.taskmanager.ReschedulerJob
2020-05-17 17:33:50.029 [DefaultQuartzScheduler_Worker-8] DEBUG org.quartz.core.JobRunShell
                -Calling execute on job group1.resource
2020-05-17 17:33:50.029 [DefaultQuartzScheduler_QuartzSchedulerThread] DEBUG o.quartz.core.QuartzSchedulerThread
                -batch acquisition of 1 triggers
2020-05-17 17:33:50.030 [DefaultQuartzScheduler_Worker-8] DEBUG c.s.s.taskmanager.ReschedulerJob
                -******进入动态刷新任务******
2020-05-17 17:33:50.030 [DefaultQuartzScheduler_Worker-8] DEBUG c.s.s.taskmanager.ReschedulerJob
                -加载任务数量: 3
2020-05-17 17:33:50.031 [DefaultQuartzScheduler_QuartzSchedulerThread] DEBUG o.quartz.core.QuartzSchedulerThread
                -batch acquisition of 1 triggers
2020-05-17 17:33:50.031 [DefaultQuartzScheduler_Worker-8] DEBUG c.s.s.taskmanager.ReschedulerJob
                -/*****退出动态刷新任务*****/
